<?xml version="1.0" encoding="UTF-8"?>
<testng-results ignored="0" total="4" passed="3" failed="1" skipped="0">
  <reporter-output>
  </reporter-output>
  <suite started-at="2022-04-29T12:07:38 IST" name="Suite" finished-at="2022-04-29T12:08:07 IST" duration-ms="29540">
    <groups>
    </groups>
    <test started-at="2022-04-29T12:07:38 IST" name="Validate Title" finished-at="2022-04-29T12:08:04 IST" duration-ms="25949">
      <class name="Academy.ValidateTitle">
        <test-method is-config="true" signature="initialize()[pri:0, instance:Academy.ValidateTitle@3e2fc448]" started-at="2022-04-29T12:07:38 IST" name="initialize" finished-at="2022-04-29T12:07:58 IST" duration-ms="19711" status="PASS">
          <reporter-output>
          </reporter-output>
        </test-method> <!-- initialize -->
        <test-method signature="validateAppTitle()[pri:0, instance:Academy.ValidateTitle@3e2fc448]" started-at="2022-04-29T12:07:58 IST" name="validateAppTitle" finished-at="2022-04-29T12:08:03 IST" duration-ms="5192" status="FAIL">
          <exception class="java.lang.AssertionError">
            <message>
              <![CDATA[expected [Featured Courses] but found [Featured Courses1]]]>
            </message>
            <full-stacktrace>
              <![CDATA[java.lang.AssertionError: expected [Featured Courses] but found [Featured Courses1]
at org.testng.Assert.fail(Assert.java:110)
at org.testng.Assert.failNotEquals(Assert.java:1413)
at org.testng.Assert.assertEqualsImpl(Assert.java:149)
at org.testng.Assert.assertEquals(Assert.java:131)
at org.testng.Assert.assertEquals(Assert.java:655)
at org.testng.Assert.assertEquals(Assert.java:665)
at Academy.ValidateTitle.validateAppTitle(ValidateTitle.java:41)
at java.base/jdk.internal.reflect.NativeMethodAccessorImpl.invoke0(Native Method)
at java.base/jdk.internal.reflect.NativeMethodAccessorImpl.invoke(NativeMethodAccessorImpl.java:62)
at java.base/jdk.internal.reflect.DelegatingMethodAccessorImpl.invoke(DelegatingMethodAccessorImpl.java:43)
at java.base/java.lang.reflect.Method.invoke(Method.java:566)
at org.testng.internal.invokers.MethodInvocationHelper.invokeMethod(MethodInvocationHelper.java:135)
at org.testng.internal.invokers.TestInvoker.invokeMethod(TestInvoker.java:673)
at org.testng.internal.invokers.TestInvoker.invokeTestMethod(TestInvoker.java:220)
at org.testng.internal.invokers.MethodRunner.runInSequence(MethodRunner.java:50)
at org.testng.internal.invokers.TestInvoker$MethodInvocationAgent.invoke(TestInvoker.java:945)
at org.testng.internal.invokers.TestInvoker.invokeTestMethods(TestInvoker.java:193)
at org.testng.internal.invokers.TestMethodWorker.invokeTestMethods(TestMethodWorker.java:146)
at org.testng.internal.invokers.TestMethodWorker.run(TestMethodWorker.java:128)
at java.base/java.util.ArrayList.forEach(ArrayList.java:1540)
at org.testng.TestRunner.privateRun(TestRunner.java:808)
at org.testng.TestRunner.run(TestRunner.java:603)
at org.testng.SuiteRunner.runTest(SuiteRunner.java:429)
at org.testng.SuiteRunner.access$000(SuiteRunner.java:32)
at org.testng.SuiteRunner$SuiteWorker.run(SuiteRunner.java:467)
at org.testng.internal.thread.ThreadUtil.lambda$execute$0(ThreadUtil.java:58)
at java.base/java.util.concurrent.FutureTask.run(FutureTask.java:264)
at java.base/java.util.concurrent.ThreadPoolExecutor.runWorker(ThreadPoolExecutor.java:1128)
at java.base/java.util.concurrent.ThreadPoolExecutor$Worker.run(ThreadPoolExecutor.java:628)
at java.base/java.lang.Thread.run(Thread.java:834)
]]>
            </full-stacktrace>
          </exception> <!-- java.lang.AssertionError -->
          <reporter-output>
          </reporter-output>
        </test-method> <!-- validateAppTitle -->
        <test-method is-config="true" signature="teardown()[pri:0, instance:Academy.ValidateTitle@3e2fc448]" started-at="2022-04-29T12:08:04 IST" name="teardown" finished-at="2022-04-29T12:08:04 IST" duration-ms="200" status="PASS">
          <reporter-output>
          </reporter-output>
        </test-method> <!-- teardown -->
      </class> <!-- Academy.ValidateTitle -->
    </test> <!-- Validate Title -->
    <test started-at="2022-04-29T12:07:38 IST" name="Validate Navigation Bar" finished-at="2022-04-29T12:08:01 IST" duration-ms="23607">
      <class name="Academy.ValidateNavigationBar">
        <test-method is-config="true" signature="initialize()[pri:0, instance:Academy.ValidateNavigationBar@c41709a]" started-at="2022-04-29T12:07:38 IST" name="initialize" finished-at="2022-04-29T12:07:57 IST" duration-ms="19055" status="PASS">
          <reporter-output>
          </reporter-output>
        </test-method> <!-- initialize -->
        <test-method signature="validateNavigationBar()[pri:0, instance:Academy.ValidateNavigationBar@c41709a]" started-at="2022-04-29T12:07:58 IST" name="validateNavigationBar" finished-at="2022-04-29T12:08:01 IST" duration-ms="3525" status="PASS">
          <reporter-output>
          </reporter-output>
        </test-method> <!-- validateNavigationBar -->
        <test-method is-config="true" signature="teardown()[pri:0, instance:Academy.ValidateNavigationBar@c41709a]" started-at="2022-04-29T12:08:01 IST" name="teardown" finished-at="2022-04-29T12:08:01 IST" duration-ms="416" status="PASS">
          <reporter-output>
          </reporter-output>
        </test-method> <!-- teardown -->
      </class> <!-- Academy.ValidateNavigationBar -->
    </test> <!-- Validate Navigation Bar -->
    <test started-at="2022-04-29T12:07:38 IST" name="Validate Login Page" finished-at="2022-04-29T12:08:07 IST" duration-ms="29540">
      <class name="Academy.ValidateLoginPage">
        <test-method is-config="true" signature="initialize()[pri:0, instance:Academy.ValidateLoginPage@4d157787]" started-at="2022-04-29T12:07:38 IST" name="initialize" finished-at="2022-04-29T12:08:06 IST" duration-ms="28275" status="PASS">
          <reporter-output>
          </reporter-output>
        </test-method> <!-- initialize -->
        <test-method signature="validateLoginPage(java.lang.String,java.lang.String)[pri:0, instance:Academy.ValidateLoginPage@4d157787]" started-at="2022-04-29T12:08:06 IST" name="validateLoginPage" data-provider="getData" finished-at="2022-04-29T12:08:07 IST" duration-ms="750" status="PASS">
          <params>
            <param index="0">
              <value>
                <![CDATA[Nonrestriucted@gmail.com]]>
              </value>
            </param>
            <param index="1">
              <value>
                <![CDATA[1646524]]>
              </value>
            </param>
          </params>
          <reporter-output>
          </reporter-output>
        </test-method> <!-- validateLoginPage -->
        <test-method signature="validateLoginPage(java.lang.String,java.lang.String)[pri:0, instance:Academy.ValidateLoginPage@4d157787]" started-at="2022-04-29T12:08:07 IST" name="validateLoginPage" data-provider="getData" finished-at="2022-04-29T12:08:07 IST" duration-ms="373" status="PASS">
          <params>
            <param index="0">
              <value>
                <![CDATA[Restriucted@gmail.com]]>
              </value>
            </param>
            <param index="1">
              <value>
                <![CDATA[1646524]]>
              </value>
            </param>
          </params>
          <reporter-output>
          </reporter-output>
        </test-method> <!-- validateLoginPage -->
        <test-method is-config="true" signature="teardown()[pri:0, instance:Academy.ValidateLoginPage@4d157787]" started-at="2022-04-29T12:08:07 IST" name="teardown" finished-at="2022-04-29T12:08:07 IST" duration-ms="124" status="PASS">
          <reporter-output>
          </reporter-output>
        </test-method> <!-- teardown -->
      </class> <!-- Academy.ValidateLoginPage -->
    </test> <!-- Validate Login Page -->
  </suite> <!-- Suite -->
</testng-results>
